<?xml version="1.0" encoding="UTF-8"?>
<!-- Generated by org.testng.reporters.JUnitXMLReporter -->
<testsuite ignored="0" hostname="LAPTOP-DI0Q8O11" failures="2" tests="2" name="Test" time="3.869" errors="0" timestamp="2022-09-16T17:39:02 IST">
  <testcase classname="org.MiWay.Practice.ScreenShotPractice2" name="Screenshot" time="0.158">
    <failure type="java.lang.NullPointerException" message="Cannot invoke &amp;quot;com.aventstack.extentreports.ExtentTest.assignAuthor(String[])&amp;quot; because &amp;quot;com.MiWay.Genericutility.ListnerImplementation.stest&amp;quot; is null">
      <![CDATA[java.lang.NullPointerException: Cannot invoke "com.aventstack.extentreports.ExtentTest.assignAuthor(String[])" because "com.MiWay.Genericutility.ListnerImplementation.stest" is null
at org.MiWay.Practice.ScreenShotPractice2.Screenshot(ScreenShotPractice2.java:12)
at java.base/java.util.ArrayList.forEach(ArrayList.java:1511)
... Removed 27 stack frames]]>
    </failure>
  </testcase> <!-- Screenshot -->
  <testcase classname="org.MiWay.Practice.ScreenShotPractice2" name="Screenshot" time="0.484">
    <failure type="java.lang.NullPointerException" message="Cannot invoke &amp;quot;com.aventstack.extentreports.ExtentTest.fail(String)&amp;quot; because &amp;quot;this.test&amp;quot; is null">
      <![CDATA[java.lang.NullPointerException: Cannot invoke "com.aventstack.extentreports.ExtentTest.fail(String)" because "this.test" is null
at com.MiWay.Genericutility.ListnerImplementation.onTestFailure(ListnerImplementation.java:45)
at java.base/java.util.ArrayList.forEach(ArrayList.java:1511)
... Removed 24 stack frames]]>
    </failure>
  </testcase> <!-- Screenshot -->
</testsuite> <!-- Test -->
