<?xml version="1.0" encoding="UTF-8"?>
<testng-results ignored="0" total="1" passed="1" failed="0" skipped="0">
  <reporter-output>
    <line>
      <![CDATA[passed: payment record increased successfully]]>
    </line>
  </reporter-output>
  <suite started-at="2022-09-21T17:50:53 IST" name="Default suite" finished-at="2022-09-21T17:50:58 IST" duration-ms="5318">
    <groups>
    </groups>
    <test started-at="2022-09-21T17:50:53 IST" name="Default test" finished-at="2022-09-21T17:50:58 IST" duration-ms="5318">
      <class name="com.MiWay.automationTestScript.AutomationScriptPayment1Test">
        <test-method is-config="true" signature="classSetup()[pri:0, instance:com.MiWay.automationTestScript.AutomationScriptPayment1Test@54e1c68b]" started-at="2022-09-21T17:50:53 IST" name="classSetup" finished-at="2022-09-21T17:50:56 IST" duration-ms="3288" status="PASS">
          <reporter-output>
          </reporter-output>
        </test-method> <!-- classSetup -->
        <test-method is-config="true" signature="methodSetup()[pri:0, instance:com.MiWay.automationTestScript.AutomationScriptPayment1Test@54e1c68b]" started-at="2022-09-21T17:50:56 IST" name="methodSetup" finished-at="2022-09-21T17:50:57 IST" duration-ms="434" status="PASS">
          <reporter-output>
          </reporter-output>
        </test-method> <!-- methodSetup -->
        <test-method signature="paymen1()[pri:0, instance:com.MiWay.automationTestScript.AutomationScriptPayment1Test@54e1c68b]" started-at="2022-09-21T17:50:57 IST" name="paymen1" finished-at="2022-09-21T17:50:58 IST" duration-ms="1245" status="PASS">
          <reporter-output>
            <line>
              <![CDATA[passed: payment record increased successfully]]>
            </line>
          </reporter-output>
        </test-method> <!-- paymen1 -->
        <test-method is-config="true" signature="methodtearDown()[pri:0, instance:com.MiWay.automationTestScript.AutomationScriptPayment1Test@54e1c68b]" started-at="2022-09-21T17:50:58 IST" name="methodtearDown" finished-at="2022-09-21T17:50:58 IST" duration-ms="104" status="PASS">
          <reporter-output>
          </reporter-output>
        </test-method> <!-- methodtearDown -->
        <test-method is-config="true" signature="classTeardown()[pri:0, instance:com.MiWay.automationTestScript.AutomationScriptPayment1Test@54e1c68b]" started-at="2022-09-21T17:50:58 IST" name="classTeardown" finished-at="2022-09-21T17:50:58 IST" duration-ms="211" status="PASS">
          <reporter-output>
          </reporter-output>
        </test-method> <!-- classTeardown -->
      </class> <!-- com.MiWay.automationTestScript.AutomationScriptPayment1Test -->
    </test> <!-- Default test -->
  </suite> <!-- Default suite -->
</testng-results>
